Building DAG of jobs...
Using shell: /bin/bash
Provided cores: 1 (use --cores to define parallelism)
Rules claiming more threads will be scaled down.
Conda environments: ignored
Job stats:
job                 count    min threads    max threads
----------------  -------  -------------  -------------
collate_metadata        1              1              1
total                   1              1              1

Select jobs to execute...

[Thu Jun 29 16:22:29 2023]
rule collate_metadata:
    input: ngbin/africaasiaspain/metadata.csv, ngbin/aus/metadata.csv, ngbin/nz/metadata.csv, ngbin/denmark/metadata.csv, ngbin/nordic/metadata.csv, ngbin/southerneurope/metadata.csv, ngbin/uknorth/metadata.csv, ngbin/uksouth/metadata.csv, ngbin/1983/metadata.csv, ngbin/2013/metadata.csv, ngbin/2019/metadata.csv, ngbin/2020/metadata.csv, ngbin/sa/metadata.csv, ngbin/hawaii/metadata.csv
    output: metadata.csv
    jobid: 0
    reason: Code has changed since last execution
    resources: tmpdir=/var/folders/dn/nrd_gjln58n1f04d0h4bjp240000gp/T

[Thu Jun 29 16:22:30 2023]
Finished job 0.
1 of 1 steps (100%) done
Complete log: .snakemake/log/2023-06-29T162229.252096.snakemake.log
