Building DAG of jobs...
Using shell: /bin/bash
Provided cores: 1 (use --cores to define parallelism)
Rules claiming more threads will be scaled down.
Conda environments: ignored
Job stats:
job               count    min threads    max threads
--------------  -------  -------------  -------------
collate_ngstar        1              1              1
total                 1              1              1

Select jobs to execute...

[Thu Jun 29 16:35:14 2023]
rule collate_ngstar:
    input: ngbin/africaasiaspain/ngstar.csv, ngbin/aus/ngstar.csv, ngbin/nz/ngstar.csv, ngbin/denmark/ngstar.csv, ngbin/nordic/ngstar.csv, ngbin/southerneurope/ngstar.csv, ngbin/uknorth/ngstar.csv, ngbin/uksouth/ngstar.csv, ngbin/1983/ngstar.csv, ngbin/2013/ngstar.csv, ngbin/2019/ngstar.csv, ngbin/2020/ngstar.csv, ngbin/sa/ngstar.csv, ngbin/hawaii/ngstar.csv
    output: ngstar.csv
    jobid: 0
    reason: Set of input files has changed since last execution; Code has changed since last execution
    resources: tmpdir=/var/folders/dn/nrd_gjln58n1f04d0h4bjp240000gp/T

[Thu Jun 29 16:35:15 2023]
Finished job 0.
1 of 1 steps (100%) done
Complete log: .snakemake/log/2023-06-29T163513.615513.snakemake.log
